[debug] [2022-07-21T14:41:10.397Z] ----------------------------------------------------------------------
[debug] [2022-07-21T14:41:10.399Z] Command:       C:\Program Files\nodejs\node.exe C:\Users\mdmoh\AppData\Roaming\npm\node_modules\firebase-tools\lib\bin\firebase.js init
[debug] [2022-07-21T14:41:10.400Z] CLI Version:   11.3.0
[debug] [2022-07-21T14:41:10.400Z] Platform:      win32
[debug] [2022-07-21T14:41:10.400Z] Node Version:  v16.14.2
[debug] [2022-07-21T14:41:10.413Z] Time:          Thu Jul 21 2022 20:41:10 GMT+0600 (Bangladesh Standard Time)
[debug] [2022-07-21T14:41:10.414Z] ----------------------------------------------------------------------
[debug] 
[debug] [2022-07-21T14:41:10.491Z] > command requires scopes: ["email","openid","https://www.googleapis.com/auth/cloudplatformprojects.readonly","https://www.googleapis.com/auth/firebase","https://www.googleapis.com/auth/cloud-platform"]
[debug] [2022-07-21T14:41:10.491Z] > authorizing via signed-in user (mdmohon6145@gmail.com)
[info] 
     ######## #### ########  ######## ########     ###     ######  ########
     ##        ##  ##     ## ##       ##     ##  ##   ##  ##       ##
     ######    ##  ########  ######   ########  #########  ######  ######
     ##        ##  ##    ##  ##       ##     ## ##     ##       ## ##
     ##       #### ##     ## ######## ########  ##     ##  ######  ########

You're about to initialize a Firebase project in this directory:

  D:\React Project\Programming Hero\bd-travels\travel-site

Before we get started, keep in mind:

  * You are initializing within an existing Firebase project directory

[info] 
=== Project Setup
[info] 
[info] First, let's associate this project directory with a Firebase project.
[info] You can create multiple project aliases by running firebase use --add, 
[info] but for now we'll just set up a default project.
[info] 
[debug] [2022-07-21T14:41:29.045Z] Using project from CLI flag: bd-travel-2842d
[debug] [2022-07-21T14:41:29.050Z] >>> [apiv2][query] GET https://firebase.googleapis.com/v1beta1/projects/bd-travel-2842d [none]
[debug] [2022-07-21T14:41:29.785Z] <<< [apiv2][status] GET https://firebase.googleapis.com/v1beta1/projects/bd-travel-2842d 200
[debug] [2022-07-21T14:41:29.785Z] <<< [apiv2][body] GET https://firebase.googleapis.com/v1beta1/projects/bd-travel-2842d {"projectId":"bd-travel-2842d","projectNumber":"471871050707","displayName":"Bd Travel","name":"projects/bd-travel-2842d","resources":{"hostingSite":"bd-travel-2842d"},"state":"ACTIVE"}
[info] i  Using project bd-travel-2842d (Bd Travel) 
[info] 
=== Hosting Setup
[info] 
[info] Your public directory is the folder (relative to your project directory) that
[info] will contain Hosting assets to be uploaded with firebase deploy. If you
[info] have a build process for your assets, use your build's output directory.
[info] 
